c:\users\alexm\documents\game development - advanced programming 2017\physics and simulation 2\physics_assignment_01\physics_assignment_01\debug\vc141.pdb
c:\users\alexm\documents\game development - advanced programming 2017\physics and simulation 2\physics_assignment_01\physics_assignment_01\debug\vc141.idb
c:\users\alexm\documents\game development - advanced programming 2017\physics and simulation 2\physics_assignment_01\physics_assignment_01\debug\cgameobject.obj
c:\users\alexm\documents\game development - advanced programming 2017\physics and simulation 2\physics_assignment_01\physics_assignment_01\debug\clightmanager.obj
c:\users\alexm\documents\game development - advanced programming 2017\physics and simulation 2\physics_assignment_01\physics_assignment_01\debug\cmesh.obj
c:\users\alexm\documents\game development - advanced programming 2017\physics and simulation 2\physics_assignment_01\physics_assignment_01\debug\cshader.obj
c:\users\alexm\documents\game development - advanced programming 2017\physics and simulation 2\physics_assignment_01\physics_assignment_01\debug\cshadermanager.obj
c:\users\alexm\documents\game development - advanced programming 2017\physics and simulation 2\physics_assignment_01\physics_assignment_01\debug\cvaomeshmanager.obj
c:\users\alexm\documents\game development - advanced programming 2017\physics and simulation 2\physics_assignment_01\physics_assignment_01\debug\main.obj
c:\users\alexm\documents\game development - advanced programming 2017\physics and simulation 2\physics_assignment_01\physics_assignment_01\debug\physics.obj
c:\users\alexm\documents\game development - advanced programming 2017\physics and simulation 2\physics_assignment_01\physics_assignment_01\debug\scenehandler.obj
c:\users\alexm\documents\game development - advanced programming 2017\physics and simulation 2\physics_assignment_01\physics_assignment_01\debug\glad.obj
c:\users\alexm\documents\game development - advanced programming 2017\physics and simulation 2\physics_assignment_03\physics_assignment_01\debug\vc141.pdb
c:\users\alexm\documents\game development - advanced programming 2017\physics and simulation 2\physics_assignment_03\physics_assignment_01\debug\vc141.idb
c:\users\alexm\documents\game development - advanced programming 2017\physics and simulation 2\physics_assignment_03\physics_assignment_01\debug\cgameobject.obj
c:\users\alexm\documents\game development - advanced programming 2017\physics and simulation 2\physics_assignment_03\physics_assignment_01\debug\clightmanager.obj
c:\users\alexm\documents\game development - advanced programming 2017\physics and simulation 2\physics_assignment_03\physics_assignment_01\debug\cmesh.obj
c:\users\alexm\documents\game development - advanced programming 2017\physics and simulation 2\physics_assignment_03\physics_assignment_01\debug\cshader.obj
c:\users\alexm\documents\game development - advanced programming 2017\physics and simulation 2\physics_assignment_03\physics_assignment_01\debug\cshadermanager.obj
c:\users\alexm\documents\game development - advanced programming 2017\physics and simulation 2\physics_assignment_03\physics_assignment_01\debug\cvaomeshmanager.obj
c:\users\alexm\documents\game development - advanced programming 2017\physics and simulation 2\physics_assignment_03\physics_assignment_01\debug\scenehandler.obj
c:\users\alexm\documents\game development - advanced programming 2017\physics and simulation 2\physics_assignment_03\physics_assignment_01\debug\main.obj
c:\users\alexm\documents\game development - advanced programming 2017\physics and simulation 2\physics_assignment_03\physics_assignment_01\debug\glad.obj
c:\users\alexm\documents\game development - advanced programming 2017\physics and simulation 2\physics_assignment_01\debug\physics_assignment_01.exe
c:\users\alexm\documents\game development - advanced programming 2017\physics and simulation 2\physics_assignment_01\debug\physics_assignment_01.ilk
c:\users\alexm\documents\game development - advanced programming 2017\physics and simulation 2\physics_assignment_01\debug\physics_assignment_01.pdb
c:\users\alexm\documents\game development - advanced programming 2017\physics and simulation 2\physics_assignment_03\debug\physics_assignment_01.exe
c:\users\alexm\documents\game development - advanced programming 2017\physics and simulation 2\physics_assignment_03\debug\physics_assignment_01.ilk
c:\users\alexm\documents\game development - advanced programming 2017\physics and simulation 2\physics_assignment_03\debug\physics_assignment_01.pdb
c:\users\alexm\documents\game development - advanced programming 2017\physics and simulation 2\physics_assignment_03\physics_assignment_01\debug\physics.obj
c:\users\alexm\documents\game development - advanced programming 2017\physics and simulation 2\physics_assignment_03\physics_assignment_01\debug\physics_.ea7f5ca5.tlog\cl.command.1.tlog
c:\users\alexm\documents\game development - advanced programming 2017\physics and simulation 2\physics_assignment_03\physics_assignment_01\debug\physics_.ea7f5ca5.tlog\cl.read.1.tlog
c:\users\alexm\documents\game development - advanced programming 2017\physics and simulation 2\physics_assignment_03\physics_assignment_01\debug\physics_.ea7f5ca5.tlog\cl.write.1.tlog
c:\users\alexm\documents\game development - advanced programming 2017\physics and simulation 2\physics_assignment_03\physics_assignment_01\debug\physics_.ea7f5ca5.tlog\link.command.1.tlog
c:\users\alexm\documents\game development - advanced programming 2017\physics and simulation 2\physics_assignment_03\physics_assignment_01\debug\physics_.ea7f5ca5.tlog\link.read.1.tlog
c:\users\alexm\documents\game development - advanced programming 2017\physics and simulation 2\physics_assignment_03\physics_assignment_01\debug\physics_.ea7f5ca5.tlog\link.write.1.tlog
