  main.cpp
c:\users\alexm\documents\game development - advanced programming 2017\physics and simulation 2\physics_assignment_03\physics_assignment_01\main.cpp(79): warning C4018: '>=': signed/unsigned mismatch
c:\users\alexm\documents\game development - advanced programming 2017\physics and simulation 2\physics_assignment_03\physics_assignment_01\main.cpp(106): warning C4244: 'argument': conversion from 'double' to 'float', possible loss of data
c:\users\alexm\documents\game development - advanced programming 2017\physics and simulation 2\physics_assignment_03\physics_assignment_01\main.cpp(108): warning C4244: 'argument': conversion from 'double' to 'float', possible loss of data
c:\users\alexm\documents\game development - advanced programming 2017\physics and simulation 2\physics_assignment_03\physics_assignment_01\main.cpp(110): warning C4244: 'argument': conversion from 'double' to 'float', possible loss of data
c:\users\alexm\documents\game development - advanced programming 2017\physics and simulation 2\physics_assignment_03\physics_assignment_01\main.cpp(112): warning C4244: 'argument': conversion from 'double' to 'float', possible loss of data
c:\users\alexm\documents\game development - advanced programming 2017\physics and simulation 2\physics_assignment_03\physics_assignment_01\main.cpp(141): warning C4018: '>=': signed/unsigned mismatch
c:\users\alexm\documents\game development - advanced programming 2017\physics and simulation 2\physics_assignment_03\physics_assignment_01\main.cpp(166): warning C4244: 'argument': conversion from 'double' to 'float', possible loss of data
c:\users\alexm\documents\game development - advanced programming 2017\physics and simulation 2\physics_assignment_03\physics_assignment_01\main.cpp(168): warning C4244: 'argument': conversion from 'double' to 'float', possible loss of data
c:\users\alexm\documents\game development - advanced programming 2017\physics and simulation 2\physics_assignment_03\physics_assignment_01\main.cpp(170): warning C4244: 'argument': conversion from 'double' to 'float', possible loss of data
c:\users\alexm\documents\game development - advanced programming 2017\physics and simulation 2\physics_assignment_03\physics_assignment_01\main.cpp(172): warning C4244: 'argument': conversion from 'double' to 'float', possible loss of data
c:\users\alexm\documents\game development - advanced programming 2017\physics and simulation 2\physics_assignment_03\physics_assignment_01\main.cpp(179): warning C4244: '=': conversion from 'double' to 'float', possible loss of data
c:\users\alexm\documents\game development - advanced programming 2017\physics and simulation 2\physics_assignment_03\physics_assignment_01\main.cpp(180): warning C4244: '=': conversion from 'double' to 'float', possible loss of data
c:\users\alexm\documents\game development - advanced programming 2017\physics and simulation 2\physics_assignment_03\physics_assignment_01\main.cpp(184): warning C4244: 'initializing': conversion from 'double' to 'float', possible loss of data
c:\users\alexm\documents\game development - advanced programming 2017\physics and simulation 2\physics_assignment_03\physics_assignment_01\main.cpp(185): warning C4244: 'initializing': conversion from 'double' to 'float', possible loss of data
c:\users\alexm\documents\game development - advanced programming 2017\physics and simulation 2\physics_assignment_03\physics_assignment_01\main.cpp(186): warning C4244: '=': conversion from 'double' to 'float', possible loss of data
c:\users\alexm\documents\game development - advanced programming 2017\physics and simulation 2\physics_assignment_03\physics_assignment_01\main.cpp(187): warning C4244: '=': conversion from 'double' to 'float', possible loss of data
c:\users\alexm\documents\game development - advanced programming 2017\physics and simulation 2\physics_assignment_03\physics_assignment_01\main.cpp(194): warning C4244: 'argument': conversion from 'double' to 'float', possible loss of data
c:\users\alexm\documents\game development - advanced programming 2017\physics and simulation 2\physics_assignment_03\physics_assignment_01\main.cpp(329): warning C4244: 'initializing': conversion from 'int' to 'float', possible loss of data
c:\users\alexm\documents\game development - advanced programming 2017\physics and simulation 2\physics_assignment_03\physics_assignment_01\main.cpp(648): warning C4018: '<': signed/unsigned mismatch
c:\users\alexm\documents\game development - advanced programming 2017\physics and simulation 2\physics_assignment_03\physics_assignment_01\main.cpp(661): warning C4018: '<': signed/unsigned mismatch
c:\users\alexm\documents\game development - advanced programming 2017\physics and simulation 2\physics_assignment_03\physics_assignment_01\main.cpp(716): warning C4244: 'argument': conversion from 'double' to 'float', possible loss of data
  Physics_Assignment_01.vcxproj -> C:\Users\alexm\Documents\Game Development - Advanced Programming 2017\Physics and Simulation 2\Physics_Assignment_03\Debug\Physics_Assignment_01.exe
