c:\users\alexm\documents\game development - advanced programming 2017\physics and simulation 2\physics_assignment_01\physicslibrary\debug\vc141.pdb
c:\users\alexm\documents\game development - advanced programming 2017\physics and simulation 2\physics_assignment_01\physicslibrary\debug\vc141.idb
c:\users\alexm\documents\game development - advanced programming 2017\physics and simulation 2\physics_assignment_01\physicslibrary\debug\cphysicsfactory.obj
c:\users\alexm\documents\game development - advanced programming 2017\physics and simulation 2\physics_assignment_01\physicslibrary\debug\cplaneshape.obj
c:\users\alexm\documents\game development - advanced programming 2017\physics and simulation 2\physics_assignment_01\physicslibrary\debug\createfactory.obj
c:\users\alexm\documents\game development - advanced programming 2017\physics and simulation 2\physics_assignment_01\physicslibrary\debug\crigidbody.obj
c:\users\alexm\documents\game development - advanced programming 2017\physics and simulation 2\physics_assignment_01\physicslibrary\debug\csphereshape.obj
c:\users\alexm\documents\game development - advanced programming 2017\physics and simulation 2\physics_assignment_01\physicslibrary\debug\cphysicsworld.obj
c:\users\alexm\documents\game development - advanced programming 2017\physics and simulation 2\physics_assignment_03\physicslibrary\debug\vc141.pdb
c:\users\alexm\documents\game development - advanced programming 2017\physics and simulation 2\physics_assignment_03\physicslibrary\debug\vc141.idb
c:\users\alexm\documents\game development - advanced programming 2017\physics and simulation 2\physics_assignment_03\physicslibrary\debug\cphysicsfactory.obj
c:\users\alexm\documents\game development - advanced programming 2017\physics and simulation 2\physics_assignment_03\physicslibrary\debug\cphysicsworld.obj
c:\users\alexm\documents\game development - advanced programming 2017\physics and simulation 2\physics_assignment_03\physicslibrary\debug\cplaneshape.obj
c:\users\alexm\documents\game development - advanced programming 2017\physics and simulation 2\physics_assignment_03\physicslibrary\debug\createfactory.obj
c:\users\alexm\documents\game development - advanced programming 2017\physics and simulation 2\physics_assignment_03\physicslibrary\debug\crigidbody.obj
c:\users\alexm\documents\game development - advanced programming 2017\physics and simulation 2\physics_assignment_03\physicslibrary\debug\csphereshape.obj
c:\users\alexm\documents\game development - advanced programming 2017\physics and simulation 2\physics_assignment_03\physicslibrary\debug\csoftbody.obj
c:\users\alexm\documents\game development - advanced programming 2017\physics and simulation 2\physics_assignment_01\debug\physicslibrary.dll
c:\users\alexm\documents\game development - advanced programming 2017\physics and simulation 2\physics_assignment_01\debug\physicslibrary.ilk
c:\users\alexm\documents\game development - advanced programming 2017\physics and simulation 2\physics_assignment_01\debug\physicslibrary.pdb
c:\users\alexm\documents\game development - advanced programming 2017\physics and simulation 2\physics_assignment_03\debug\physicslibrary.dll
c:\users\alexm\documents\game development - advanced programming 2017\physics and simulation 2\physics_assignment_03\debug\physicslibrary.ilk
c:\users\alexm\documents\game development - advanced programming 2017\physics and simulation 2\physics_assignment_03\debug\physicslibrary.pdb
c:\users\alexm\documents\game development - advanced programming 2017\physics and simulation 2\physics_assignment_01\debug\physicslibrary.lib
c:\users\alexm\documents\game development - advanced programming 2017\physics and simulation 2\physics_assignment_01\debug\physicslibrary.exp
c:\users\alexm\documents\game development - advanced programming 2017\physics and simulation 2\physics_assignment_03\debug\physicslibrary.lib
c:\users\alexm\documents\game development - advanced programming 2017\physics and simulation 2\physics_assignment_03\debug\physicslibrary.exp
c:\users\alexm\documents\game development - advanced programming 2017\physics and simulation 2\physics_assignment_03\physicslibrary\debug\physicslibrary.tlog\cl.command.1.tlog
c:\users\alexm\documents\game development - advanced programming 2017\physics and simulation 2\physics_assignment_03\physicslibrary\debug\physicslibrary.tlog\cl.read.1.tlog
c:\users\alexm\documents\game development - advanced programming 2017\physics and simulation 2\physics_assignment_03\physicslibrary\debug\physicslibrary.tlog\cl.write.1.tlog
c:\users\alexm\documents\game development - advanced programming 2017\physics and simulation 2\physics_assignment_03\physicslibrary\debug\physicslibrary.tlog\link.command.1.tlog
c:\users\alexm\documents\game development - advanced programming 2017\physics and simulation 2\physics_assignment_03\physicslibrary\debug\physicslibrary.tlog\link.delete.1.tlog
c:\users\alexm\documents\game development - advanced programming 2017\physics and simulation 2\physics_assignment_03\physicslibrary\debug\physicslibrary.tlog\link.read.1.tlog
c:\users\alexm\documents\game development - advanced programming 2017\physics and simulation 2\physics_assignment_03\physicslibrary\debug\physicslibrary.tlog\link.write.1.tlog
c:\users\alexm\documents\game development - advanced programming 2017\physics and simulation 2\physics_assignment_03\physicslibrary\debug\physicslibrary.tlog\physicslibrary.write.1u.tlog
